<?xml version="1.0" encoding="utf-8"?><testsuites name="pytest tests"><testsuite name="pytest" errors="0" failures="0" skipped="0" tests="8" time="5.053" timestamp="2026-04-17T14:53:04.949342+00:00" hostname="agent-env-a823e25b-3577-4c91-acc4-fcda8af2da6d"><testcase classname="backend.tests.test_step_quotes.TestServicesSubItems" name="test_services_have_sub_items" time="0.309" /><testcase classname="backend.tests.test_step_quotes.TestClientCreation" name="test_create_client" time="0.297" /><testcase classname="backend.tests.test_step_quotes.TestStandardQuote" name="test_create_standard_quote_with_sub_items" time="0.710" /><testcase classname="backend.tests.test_step_quotes.TestStepQuote" name="test_create_step_quote_with_phases" time="0.758" /><testcase classname="backend.tests.test_step_quotes.TestIbridoQuote" name="test_create_ibrido_quote" time="0.689" /><testcase classname="backend.tests.test_step_quotes.TestPDFGeneration" name="test_pdf_generation_standard_quote" time="0.737" /><testcase classname="backend.tests.test_step_quotes.TestPDFGeneration" name="test_pdf_generation_step_quote" time="0.727" /><testcase classname="backend.tests.test_step_quotes.TestQuoteDetailRetrieval" name="test_quote_detail_shows_phases" time="0.743" /></testsuite></testsuites>