<?xml version="1.0" encoding="utf-8"?><testsuites name="pytest tests"><testsuite name="pytest" errors="0" failures="0" skipped="0" tests="10" time="4.544" timestamp="2026-04-17T15:08:53.253324+00:00" hostname="agent-env-a823e25b-3577-4c91-acc4-fcda8af2da6d"><testcase classname="backend.tests.test_new_features.TestTemplates" name="test_get_templates_returns_6_predefined" time="0.220" /><testcase classname="backend.tests.test_new_features.TestTemplates" name="test_templates_have_correct_types" time="0.109" /><testcase classname="backend.tests.test_new_features.TestQuoteCRUD" name="test_duplicate_quote_creates_new_quote" time="0.772" /><testcase classname="backend.tests.test_new_features.TestQuoteCRUD" name="test_duplicate_nonexistent_quote_returns_404" time="0.115" /><testcase classname="backend.tests.test_new_features.TestQuoteCRUD" name="test_edit_quote_updates_subject_and_services" time="0.794" /><testcase classname="backend.tests.test_new_features.TestQuoteCRUD" name="test_edit_nonexistent_quote_returns_404" time="0.227" /><testcase classname="backend.tests.test_new_features.TestSaveAsTemplate" name="test_save_quote_as_template" time="0.744" /><testcase classname="backend.tests.test_new_features.TestSaveAsTemplate" name="test_save_nonexistent_quote_as_template_returns_404" time="0.136" /><testcase classname="backend.tests.test_new_features.TestPDFGeneration" name="test_pdf_download_for_existing_quote" time="0.310" /><testcase classname="backend.tests.test_new_features.TestQuotesListActions" name="test_quotes_list_returns_quotes_with_required_fields" time="1.029" /></testsuite></testsuites>