<?xml version="1.0" encoding="utf-8"?><testsuites name="pytest tests"><testsuite name="pytest" errors="0" failures="0" skipped="0" tests="22" time="11.275" timestamp="2026-04-17T15:23:20.218067+00:00" hostname="agent-env-a823e25b-3577-4c91-acc4-fcda8af2da6d"><testcase classname="backend.tests.test_drag_drop_feature.TestDragDropStepQuote" name="test_create_step_quote_with_ordered_phases" time="0.624" /><testcase classname="backend.tests.test_drag_drop_feature.TestDragDropStepQuote" name="test_update_step_quote_with_reordered_phases" time="0.787" /><testcase classname="backend.tests.test_drag_drop_feature.TestDragDropIbridoQuote" name="test_ibrido_quote_phases_reorder" time="0.696" /><testcase classname="backend.tests.test_drag_drop_feature.TestStepNumberAutoUpdate" name="test_step_numbers_are_sequential_after_reorder" time="0.758" /><testcase classname="backend.tests.test_new_features.TestTemplates" name="test_get_templates_returns_6_predefined" time="0.112" /><testcase classname="backend.tests.test_new_features.TestTemplates" name="test_templates_have_correct_types" time="0.117" /><testcase classname="backend.tests.test_new_features.TestQuoteCRUD" name="test_duplicate_quote_creates_new_quote" time="0.682" /><testcase classname="backend.tests.test_new_features.TestQuoteCRUD" name="test_duplicate_nonexistent_quote_returns_404" time="0.107" /><testcase classname="backend.tests.test_new_features.TestQuoteCRUD" name="test_edit_quote_updates_subject_and_services" time="0.714" /><testcase classname="backend.tests.test_new_features.TestQuoteCRUD" name="test_edit_nonexistent_quote_returns_404" time="0.232" /><testcase classname="backend.tests.test_new_features.TestSaveAsTemplate" name="test_save_quote_as_template" time="0.711" /><testcase classname="backend.tests.test_new_features.TestSaveAsTemplate" name="test_save_nonexistent_quote_as_template_returns_404" time="0.118" /><testcase classname="backend.tests.test_new_features.TestPDFGeneration" name="test_pdf_download_for_existing_quote" time="0.245" /><testcase classname="backend.tests.test_new_features.TestQuotesListActions" name="test_quotes_list_returns_quotes_with_required_fields" time="0.777" /><testcase classname="backend.tests.test_step_quotes.TestServicesSubItems" name="test_services_have_sub_items" time="0.107" /><testcase classname="backend.tests.test_step_quotes.TestClientCreation" name="test_create_client" time="0.209" /><testcase classname="backend.tests.test_step_quotes.TestStandardQuote" name="test_create_standard_quote_with_sub_items" time="0.745" /><testcase classname="backend.tests.test_step_quotes.TestStepQuote" name="test_create_step_quote_with_phases" time="0.739" /><testcase classname="backend.tests.test_step_quotes.TestIbridoQuote" name="test_create_ibrido_quote" time="0.594" /><testcase classname="backend.tests.test_step_quotes.TestPDFGeneration" name="test_pdf_generation_standard_quote" time="0.750" /><testcase classname="backend.tests.test_step_quotes.TestPDFGeneration" name="test_pdf_generation_step_quote" time="0.714" /><testcase classname="backend.tests.test_step_quotes.TestQuoteDetailRetrieval" name="test_quote_detail_shows_phases" time="0.656" /></testsuite></testsuites>